[23:43:31.225] [32mINFO[39m (24272): [36mServer listening[39m
    [35mport[39m: 3001
[23:43:59.953] [32mINFO[39m (24272): [36mrequest completed[39m
    [35mreq[39m: {
      "id": 1,
      "method": "GET",
      "url": "/api/healthz"
    }
    [35mres[39m: {
      "statusCode": 200
    }
    [35mresponseTime[39m: 12
[23:44:00.063] [32mINFO[39m (24272): [36mrequest completed[39m
    [35mreq[39m: {
      "id": 2,
      "method": "GET",
      "url": "/api/tables"
    }
    [35mres[39m: {
      "statusCode": 200
    }
    [35mresponseTime[39m: 108
[23:44:00.414] [32mINFO[39m (24272): [36mrequest completed[39m
    [35mreq[39m: {
      "id": 3,
      "method": "GET",
      "url": "/api/healthz"
    }
    [35mres[39m: {
      "statusCode": 200
    }
    [35mresponseTime[39m: 1
